Flow report for project3_KSY
Sun Jun 14 01:17:23 2020
Quartus II Version 9.0 Build 235 06/17/2009 Service Pack 2 SJ Web Edition


---------------------
; Table of Contents ;
---------------------
  1. Legal Notice
  2. Flow Summary
  3. Flow Settings
  4. Flow Non-Default Global Settings
  5. Flow Elapsed Time
  6. Flow OS Summary
  7. Flow Log



----------------
; Legal Notice ;
----------------
Copyright (C) 1991-2009 Altera Corporation
Your use of Altera Corporation's design tools, logic functions 
and other software and tools, and its AMPP partner logic 
functions, and any output files from any of the foregoing 
(including device programming or simulation files), and any 
associated documentation or information are expressly subject 
to the terms and conditions of the Altera Program License 
Subscription Agreement, Altera MegaCore Function License 
Agreement, or other applicable license agreement, including, 
without limitation, that your use is for the sole purpose of 
programming logic devices manufactured by Altera and sold by 
Altera or its authorized distributors.  Please refer to the 
applicable agreement for further details.



+-------------------------------------------------------------------------------+
; Flow Summary                                                                  ;
+--------------------------------+----------------------------------------------+
; Flow Status                    ; Successful - Sun Jun 14 01:17:17 2020        ;
; Quartus II Version             ; 9.0 Build 235 06/17/2009 SP 2 SJ Web Edition ;
; Revision Name                  ; project3_KSY                                 ;
; Top-level Entity Name          ; project3_KSY                                 ;
; Family                         ; Arria GX                                     ;
; Device                         ; EP1AGX50DF1152I6                             ;
; Timing Models                  ; Final                                        ;
; Met timing requirements        ; N/A                                          ;
; Logic utilization              ; 2 %                                          ;
;     Combinational ALUTs        ; 602 / 40,128 ( 2 % )                         ;
;     Dedicated logic registers  ; 729 / 40,128 ( 2 % )                         ;
; Total registers                ; 729                                          ;
; Total pins                     ; 489 / 563 ( 87 % )                           ;
; Total virtual pins             ; 0                                            ;
; Total block memory bits        ; 8,192 / 2,475,072 ( < 1 % )                  ;
; DSP block 9-bit elements       ; 0 / 208 ( 0 % )                              ;
; Total GXB Receiver Channels    ; 0 / 8 ( 0 % )                                ;
; Total GXB Transmitter Channels ; 0 / 8 ( 0 % )                                ;
; Total PLLs                     ; 0 / 8 ( 0 % )                                ;
; Total DLLs                     ; 0 / 2 ( 0 % )                                ;
+--------------------------------+----------------------------------------------+


+-----------------------------------------+
; Flow Settings                           ;
+-------------------+---------------------+
; Option            ; Setting             ;
+-------------------+---------------------+
; Start date & time ; 06/14/2020 01:16:34 ;
; Main task         ; Compilation         ;
; Revision Name     ; project3_KSY        ;
+-------------------+---------------------+


+--------------------------------------------------------------------------------------------------------------------+
; Flow Non-Default Global Settings                                                                                   ;
+------------------------------------+--------------------------------+---------------+-------------+----------------+
; Assignment Name                    ; Value                          ; Default Value ; Entity Name ; Section Id     ;
+------------------------------------+--------------------------------+---------------+-------------+----------------+
; COMPILER_SIGNATURE_ID              ; 38186051266394.159206499440908 ; --            ; --          ; --             ;
; MAX_CORE_JUNCTION_TEMP             ; 100                            ; --            ; --          ; --             ;
; MIN_CORE_JUNCTION_TEMP             ; -40                            ; --            ; --          ; --             ;
; PARTITION_COLOR                    ; 16764057                       ; --            ; --          ; Top            ;
; PARTITION_NETLIST_TYPE             ; SOURCE                         ; --            ; --          ; Top            ;
; USE_GENERATED_PHYSICAL_CONSTRAINTS ; Off                            ; --            ; --          ; eda_blast_fpga ;
+------------------------------------+--------------------------------+---------------+-------------+----------------+


+-------------------------------------------------------------------------------------------------------------------------------+
; Flow Elapsed Time                                                                                                             ;
+---------------------------+--------------+-------------------------+---------------------+------------------------------------+
; Module Name               ; Elapsed Time ; Average Processors Used ; Peak Virtual Memory ; Total CPU Time (on all processors) ;
+---------------------------+--------------+-------------------------+---------------------+------------------------------------+
; Analysis & Synthesis      ; 00:00:08     ; 1.0                     ; 266 MB              ; 00:00:07                           ;
; Fitter                    ; 00:00:22     ; 1.0                     ; 439 MB              ; 00:00:21                           ;
; Assembler                 ; 00:00:08     ; 1.0                     ; 371 MB              ; 00:00:07                           ;
; TimeQuest Timing Analyzer ; 00:00:05     ; 1.0                     ; 287 MB              ; 00:00:04                           ;
; Total                     ; 00:00:43     ; --                      ; --                  ; 00:00:39                           ;
+---------------------------+--------------+-------------------------+---------------------+------------------------------------+


+--------------------------------------------------------------------------------------------+
; Flow OS Summary                                                                            ;
+---------------------------+------------------+---------------+------------+----------------+
; Module Name               ; Machine Hostname ; OS Name       ; OS Version ; Processor type ;
+---------------------------+------------------+---------------+------------+----------------+
; Analysis & Synthesis      ; DESKTOP-JMBA0B7  ; Windows Vista ; 6.2        ; x86_64         ;
; Fitter                    ; DESKTOP-JMBA0B7  ; Windows Vista ; 6.2        ; x86_64         ;
; Assembler                 ; DESKTOP-JMBA0B7  ; Windows Vista ; 6.2        ; x86_64         ;
; TimeQuest Timing Analyzer ; DESKTOP-JMBA0B7  ; Windows Vista ; 6.2        ; x86_64         ;
+---------------------------+------------------+---------------+------------+----------------+


------------
; Flow Log ;
------------
quartus_map --read_settings_files=on --write_settings_files=off project3_KSY -c project3_KSY
quartus_fit --read_settings_files=off --write_settings_files=off project3_KSY -c project3_KSY
quartus_asm --read_settings_files=off --write_settings_files=off project3_KSY -c project3_KSY
quartus_sta project3_KSY -c project3_KSY



