Analysis & Synthesis report for 8-bit-ALU
Fri May 01 12:00:56 2020
Quartus II Version 9.0 Build 235 06/17/2009 Service Pack 2 SJ Web Edition


---------------------
; Table of Contents ;
---------------------
  1. Legal Notice
  2. Analysis & Synthesis Summary
  3. Analysis & Synthesis Settings
  4. Analysis & Synthesis Source Files Read
  5. Analysis & Synthesis Resource Usage Summary
  6. Analysis & Synthesis Resource Utilization by Entity
  7. General Register Statistics
  8. Multiplexer Restructuring Statistics (Restructuring Performed)
  9. Analysis & Synthesis Messages



----------------
; Legal Notice ;
----------------
Copyright (C) 1991-2009 Altera Corporation
Your use of Altera Corporation's design tools, logic functions 
and other software and tools, and its AMPP partner logic 
functions, and any output files from any of the foregoing 
(including device programming or simulation files), and any 
associated documentation or information are expressly subject 
to the terms and conditions of the Altera Program License 
Subscription Agreement, Altera MegaCore Function License 
Agreement, or other applicable license agreement, including, 
without limitation, that your use is for the sole purpose of 
programming logic devices manufactured by Altera and sold by 
Altera or its authorized distributors.  Please refer to the 
applicable agreement for further details.



+------------------------------------------------------------------------------+
; Analysis & Synthesis Summary                                                 ;
+-------------------------------+----------------------------------------------+
; Analysis & Synthesis Status   ; Successful - Fri May 01 12:00:56 2020        ;
; Quartus II Version            ; 9.0 Build 235 06/17/2009 SP 2 SJ Web Edition ;
; Revision Name                 ; 8-bit-ALU                                    ;
; Top-level Entity Name         ; 8-bit-ALU                                    ;
; Family                        ; Stratix II                                   ;
; Logic utilization             ; N/A                                          ;
;     Combinational ALUTs       ; 16                                           ;
;     Dedicated logic registers ; 0                                            ;
; Total registers               ; 0                                            ;
; Total pins                    ; 26                                           ;
; Total virtual pins            ; 0                                            ;
; Total block memory bits       ; 0                                            ;
; DSP block 9-bit elements      ; 0                                            ;
; Total PLLs                    ; 0                                            ;
; Total DLLs                    ; 0                                            ;
+-------------------------------+----------------------------------------------+


+--------------------------------------------------------------------------------------------------------+
; Analysis & Synthesis Settings                                                                          ;
+--------------------------------------------------------------+--------------------+--------------------+
; Option                                                       ; Setting            ; Default Value      ;
+--------------------------------------------------------------+--------------------+--------------------+
; Top-level entity name                                        ; 8-bit-ALU          ; 8-bit-ALU          ;
; Family name                                                  ; Stratix II         ; Stratix II         ;
; Use Generated Physical Constraints File                      ; Off                ;                    ;
; Use smart compilation                                        ; Off                ; Off                ;
; Restructure Multiplexers                                     ; Auto               ; Auto               ;
; Create Debugging Nodes for IP Cores                          ; Off                ; Off                ;
; Preserve fewer node names                                    ; On                 ; On                 ;
; Disable OpenCore Plus hardware evaluation                    ; Off                ; Off                ;
; Verilog Version                                              ; Verilog_2001       ; Verilog_2001       ;
; VHDL Version                                                 ; VHDL93             ; VHDL93             ;
; State Machine Processing                                     ; Auto               ; Auto               ;
; Safe State Machine                                           ; Off                ; Off                ;
; Extract Verilog State Machines                               ; On                 ; On                 ;
; Extract VHDL State Machines                                  ; On                 ; On                 ;
; Ignore Verilog initial constructs                            ; Off                ; Off                ;
; Iteration limit for constant Verilog loops                   ; 5000               ; 5000               ;
; Iteration limit for non-constant Verilog loops               ; 250                ; 250                ;
; Add Pass-Through Logic to Inferred RAMs                      ; On                 ; On                 ;
; Parallel Synthesis                                           ; Off                ; Off                ;
; DSP Block Balancing                                          ; Auto               ; Auto               ;
; NOT Gate Push-Back                                           ; On                 ; On                 ;
; Power-Up Don't Care                                          ; On                 ; On                 ;
; Remove Redundant Logic Cells                                 ; Off                ; Off                ;
; Remove Duplicate Registers                                   ; On                 ; On                 ;
; Ignore CARRY Buffers                                         ; Off                ; Off                ;
; Ignore CASCADE Buffers                                       ; Off                ; Off                ;
; Ignore GLOBAL Buffers                                        ; Off                ; Off                ;
; Ignore ROW GLOBAL Buffers                                    ; Off                ; Off                ;
; Ignore LCELL Buffers                                         ; Off                ; Off                ;
; Ignore SOFT Buffers                                          ; On                 ; On                 ;
; Limit AHDL Integers to 32 Bits                               ; Off                ; Off                ;
; Optimization Technique                                       ; Balanced           ; Balanced           ;
; Carry Chain Length                                           ; 70                 ; 70                 ;
; Auto Carry Chains                                            ; On                 ; On                 ;
; Auto Open-Drain Pins                                         ; On                 ; On                 ;
; Perform WYSIWYG Primitive Resynthesis                        ; Off                ; Off                ;
; Auto ROM Replacement                                         ; On                 ; On                 ;
; Auto RAM Replacement                                         ; On                 ; On                 ;
; Auto DSP Block Replacement                                   ; On                 ; On                 ;
; Auto Shift Register Replacement                              ; Auto               ; Auto               ;
; Auto Clock Enable Replacement                                ; On                 ; On                 ;
; Strict RAM Replacement                                       ; Off                ; Off                ;
; Allow Synchronous Control Signals                            ; On                 ; On                 ;
; Force Use of Synchronous Clear Signals                       ; Off                ; Off                ;
; Auto RAM Block Balancing                                     ; On                 ; On                 ;
; Auto RAM to Logic Cell Conversion                            ; Off                ; Off                ;
; Auto Resource Sharing                                        ; Off                ; Off                ;
; Allow Any RAM Size For Recognition                           ; Off                ; Off                ;
; Allow Any ROM Size For Recognition                           ; Off                ; Off                ;
; Allow Any Shift Register Size For Recognition                ; Off                ; Off                ;
; Use LogicLock Constraints during Resource Balancing          ; On                 ; On                 ;
; Ignore translate_off and synthesis_off directives            ; Off                ; Off                ;
; Timing-Driven Synthesis                                      ; Off                ; Off                ;
; Show Parameter Settings Tables in Synthesis Report           ; On                 ; On                 ;
; Ignore Maximum Fan-Out Assignments                           ; Off                ; Off                ;
; Synchronization Register Chain Length                        ; 2                  ; 2                  ;
; PowerPlay Power Optimization                                 ; Normal compilation ; Normal compilation ;
; HDL message level                                            ; Level2             ; Level2             ;
; Suppress Register Optimization Related Messages              ; Off                ; Off                ;
; Number of Removed Registers Reported in Synthesis Report     ; 100                ; 100                ;
; Number of Inverted Registers Reported in Synthesis Report    ; 100                ; 100                ;
; Clock MUX Protection                                         ; On                 ; On                 ;
; Auto Gated Clock Conversion                                  ; Off                ; Off                ;
; Block Design Naming                                          ; Auto               ; Auto               ;
; SDC constraint protection                                    ; Off                ; Off                ;
; Synthesis Effort                                             ; Auto               ; Auto               ;
; Shift Register Replacement - Allow Asynchronous Clear Signal ; On                 ; On                 ;
; Analysis & Synthesis Message Level                           ; Medium             ; Medium             ;
+--------------------------------------------------------------+--------------------+--------------------+


+-------------------------------------------------------------------------------------------------------------------------------------------------------+
; Analysis & Synthesis Source Files Read                                                                                                                ;
+----------------------------------+-----------------+------------------------------------+-------------------------------------------------------------+
; File Name with User-Entered Path ; Used in Netlist ; File Type                          ; File Name with Absolute Path                                ;
+----------------------------------+-----------------+------------------------------------+-------------------------------------------------------------+
; COMP.bdf                         ; yes             ; User Block Diagram/Schematic File  ; C:/altera/90sp2/quartus/PJ1-2-Assign/COMP.bdf               ;
; One-Bit_FA.bdf                   ; yes             ; User Block Diagram/Schematic File  ; C:/altera/90sp2/quartus/PJ1-2-Assign/One-Bit_FA.bdf         ;
; 4to1_MUX_PJ2.bdf                 ; yes             ; User Block Diagram/Schematic File  ; C:/altera/90sp2/quartus/PJ1-2-Assign/4to1_MUX_PJ2.bdf       ;
; 8-bit-ALU.bdf                    ; yes             ; User Block Diagram/Schematic File  ; C:/altera/90sp2/quartus/PJ1-2-Assign/8-bit-ALU.bdf          ;
; OR-PJ2.bdf                       ; yes             ; User Block Diagram/Schematic File  ; C:/altera/90sp2/quartus/PJ1-2-Assign/OR-PJ2.bdf             ;
; AND-PJ2.bdf                      ; yes             ; User Block Diagram/Schematic File  ; C:/altera/90sp2/quartus/PJ1-2-Assign/AND-PJ2.bdf            ;
; ADDER.bdf                        ; yes             ; User Block Diagram/Schematic File  ; C:/altera/90sp2/quartus/PJ1-2-Assign/ADDER.bdf              ;
; MUX-ALU.bdf                      ; yes             ; User Block Diagram/Schematic File  ; C:/altera/90sp2/quartus/PJ1-2-Assign/MUX-ALU.bdf            ;
; 21mux.bdf                        ; yes             ; Megafunction                       ; c:/altera/90sp2/quartus/libraries/others/maxplus2/21mux.bdf ;
+----------------------------------+-----------------+------------------------------------+-------------------------------------------------------------+


+------------------------------------------------------------+
; Analysis & Synthesis Resource Usage Summary                ;
+-----------------------------------------------+------------+
; Resource                                      ; Usage      ;
+-----------------------------------------------+------------+
; Estimated ALUTs Used                          ; 16         ;
; Dedicated logic registers                     ; 0          ;
;                                               ;            ;
; Estimated ALUTs Unavailable                   ; 2          ;
;                                               ;            ;
; Total combinational functions                 ; 16         ;
; Combinational ALUT usage by number of inputs  ;            ;
;     -- 7 input functions                      ; 0          ;
;     -- 6 input functions                      ; 5          ;
;     -- 5 input functions                      ; 5          ;
;     -- 4 input functions                      ; 5          ;
;     -- <=3 input functions                    ; 1          ;
;                                               ;            ;
; Combinational ALUTs by mode                   ;            ;
;     -- normal mode                            ; 16         ;
;     -- extended LUT mode                      ; 0          ;
;     -- arithmetic mode                        ; 0          ;
;     -- shared arithmetic mode                 ; 0          ;
;                                               ;            ;
; Estimated ALUT/register pairs used            ; 16         ;
;                                               ;            ;
; Total registers                               ; 0          ;
;     -- Dedicated logic registers              ; 0          ;
;     -- I/O registers                          ; 0          ;
;                                               ;            ;
; Estimated ALMs:  partially or completely used ; 8          ;
;                                               ;            ;
; I/O pins                                      ; 26         ;
; Maximum fan-out node                          ; SEL_ALU[1] ;
; Maximum fan-out                               ; 8          ;
; Total fan-out                                 ; 86         ;
; Average fan-out                               ; 2.05       ;
+-----------------------------------------------+------------+


+-----------------------------------------------------------------------------------------------------------------------------------------------------------------------------------------------------------------------------------+
; Analysis & Synthesis Resource Utilization by Entity                                                                                                                                                                               ;
+----------------------------+-------------------+--------------+-------------------+--------------+---------+-----------+-----------+------+--------------+---------------------------------------------------------+--------------+
; Compilation Hierarchy Node ; LC Combinationals ; LC Registers ; Block Memory Bits ; DSP Elements ; DSP 9x9 ; DSP 18x18 ; DSP 36x36 ; Pins ; Virtual Pins ; Full Hierarchy Name                                     ; Library Name ;
+----------------------------+-------------------+--------------+-------------------+--------------+---------+-----------+-----------+------+--------------+---------------------------------------------------------+--------------+
; |8-bit-ALU                 ; 16 (0)            ; 0 (0)        ; 0                 ; 0            ; 0       ; 0         ; 0         ; 26   ; 0            ; |8-bit-ALU                                              ; work         ;
;    |ADDER:inst3|           ; 5 (0)             ; 0 (0)        ; 0                 ; 0            ; 0       ; 0         ; 0         ; 0    ; 0            ; |8-bit-ALU|ADDER:inst3                                  ; work         ;
;       |One-Bit_FA:inst1|   ; 1 (1)             ; 0 (0)        ; 0                 ; 0            ; 0       ; 0         ; 0         ; 0    ; 0            ; |8-bit-ALU|ADDER:inst3|One-Bit_FA:inst1                 ; work         ;
;       |One-Bit_FA:inst3|   ; 2 (2)             ; 0 (0)        ; 0                 ; 0            ; 0       ; 0         ; 0         ; 0    ; 0            ; |8-bit-ALU|ADDER:inst3|One-Bit_FA:inst3                 ; work         ;
;       |One-Bit_FA:inst4|   ; 2 (2)             ; 0 (0)        ; 0                 ; 0            ; 0       ; 0         ; 0         ; 0    ; 0            ; |8-bit-ALU|ADDER:inst3|One-Bit_FA:inst4                 ; work         ;
;    |MUX-ALU:inst8|         ; 11 (0)            ; 0 (0)        ; 0                 ; 0            ; 0       ; 0         ; 0         ; 0    ; 0            ; |8-bit-ALU|MUX-ALU:inst8                                ; work         ;
;       |4to1_MUX_PJ2:inst1| ; 1 (0)             ; 0 (0)        ; 0                 ; 0            ; 0       ; 0         ; 0         ; 0    ; 0            ; |8-bit-ALU|MUX-ALU:inst8|4to1_MUX_PJ2:inst1             ; work         ;
;          |21mux:inst2|     ; 1 (1)             ; 0 (0)        ; 0                 ; 0            ; 0       ; 0         ; 0         ; 0    ; 0            ; |8-bit-ALU|MUX-ALU:inst8|4to1_MUX_PJ2:inst1|21mux:inst2 ; work         ;
;       |4to1_MUX_PJ2:inst2| ; 1 (0)             ; 0 (0)        ; 0                 ; 0            ; 0       ; 0         ; 0         ; 0    ; 0            ; |8-bit-ALU|MUX-ALU:inst8|4to1_MUX_PJ2:inst2             ; work         ;
;          |21mux:inst2|     ; 1 (1)             ; 0 (0)        ; 0                 ; 0            ; 0       ; 0         ; 0         ; 0    ; 0            ; |8-bit-ALU|MUX-ALU:inst8|4to1_MUX_PJ2:inst2|21mux:inst2 ; work         ;
;       |4to1_MUX_PJ2:inst3| ; 2 (0)             ; 0 (0)        ; 0                 ; 0            ; 0       ; 0         ; 0         ; 0    ; 0            ; |8-bit-ALU|MUX-ALU:inst8|4to1_MUX_PJ2:inst3             ; work         ;
;          |21mux:inst2|     ; 2 (2)             ; 0 (0)        ; 0                 ; 0            ; 0       ; 0         ; 0         ; 0    ; 0            ; |8-bit-ALU|MUX-ALU:inst8|4to1_MUX_PJ2:inst3|21mux:inst2 ; work         ;
;       |4to1_MUX_PJ2:inst4| ; 1 (0)             ; 0 (0)        ; 0                 ; 0            ; 0       ; 0         ; 0         ; 0    ; 0            ; |8-bit-ALU|MUX-ALU:inst8|4to1_MUX_PJ2:inst4             ; work         ;
;          |21mux:inst2|     ; 1 (1)             ; 0 (0)        ; 0                 ; 0            ; 0       ; 0         ; 0         ; 0    ; 0            ; |8-bit-ALU|MUX-ALU:inst8|4to1_MUX_PJ2:inst4|21mux:inst2 ; work         ;
;       |4to1_MUX_PJ2:inst5| ; 1 (0)             ; 0 (0)        ; 0                 ; 0            ; 0       ; 0         ; 0         ; 0    ; 0            ; |8-bit-ALU|MUX-ALU:inst8|4to1_MUX_PJ2:inst5             ; work         ;
;          |21mux:inst2|     ; 1 (1)             ; 0 (0)        ; 0                 ; 0            ; 0       ; 0         ; 0         ; 0    ; 0            ; |8-bit-ALU|MUX-ALU:inst8|4to1_MUX_PJ2:inst5|21mux:inst2 ; work         ;
;       |4to1_MUX_PJ2:inst6| ; 2 (0)             ; 0 (0)        ; 0                 ; 0            ; 0       ; 0         ; 0         ; 0    ; 0            ; |8-bit-ALU|MUX-ALU:inst8|4to1_MUX_PJ2:inst6             ; work         ;
;          |21mux:inst2|     ; 2 (2)             ; 0 (0)        ; 0                 ; 0            ; 0       ; 0         ; 0         ; 0    ; 0            ; |8-bit-ALU|MUX-ALU:inst8|4to1_MUX_PJ2:inst6|21mux:inst2 ; work         ;
;       |4to1_MUX_PJ2:inst7| ; 2 (0)             ; 0 (0)        ; 0                 ; 0            ; 0       ; 0         ; 0         ; 0    ; 0            ; |8-bit-ALU|MUX-ALU:inst8|4to1_MUX_PJ2:inst7             ; work         ;
;          |21mux:inst2|     ; 2 (2)             ; 0 (0)        ; 0                 ; 0            ; 0       ; 0         ; 0         ; 0    ; 0            ; |8-bit-ALU|MUX-ALU:inst8|4to1_MUX_PJ2:inst7|21mux:inst2 ; work         ;
;       |4to1_MUX_PJ2:inst|  ; 1 (0)             ; 0 (0)        ; 0                 ; 0            ; 0       ; 0         ; 0         ; 0    ; 0            ; |8-bit-ALU|MUX-ALU:inst8|4to1_MUX_PJ2:inst              ; work         ;
;          |21mux:inst2|     ; 1 (1)             ; 0 (0)        ; 0                 ; 0            ; 0       ; 0         ; 0         ; 0    ; 0            ; |8-bit-ALU|MUX-ALU:inst8|4to1_MUX_PJ2:inst|21mux:inst2  ; work         ;
+----------------------------+-------------------+--------------+-------------------+--------------+---------+-----------+-----------+------+--------------+---------------------------------------------------------+--------------+
Note: For table entries with two numbers listed, the numbers in parentheses indicate the number of resources of the given type used by the specific entity alone. The numbers listed outside of parentheses indicate the total resources of the given type used by the specific entity and all of its sub-entities in the hierarchy.


+------------------------------------------------------+
; General Register Statistics                          ;
+----------------------------------------------+-------+
; Statistic                                    ; Value ;
+----------------------------------------------+-------+
; Total registers                              ; 0     ;
; Number of registers using Synchronous Clear  ; 0     ;
; Number of registers using Synchronous Load   ; 0     ;
; Number of registers using Asynchronous Clear ; 0     ;
; Number of registers using Asynchronous Load  ; 0     ;
; Number of registers using Clock Enable       ; 0     ;
; Number of registers using Preset             ; 0     ;
+----------------------------------------------+-------+


+-------------------------------------------------------------------------------------------------------------------------------------------------------------------------+
; Multiplexer Restructuring Statistics (Restructuring Performed)                                                                                                          ;
+--------------------+-----------+---------------+----------------------+------------------------+------------+-----------------------------------------------------------+
; Multiplexer Inputs ; Bus Width ; Baseline Area ; Area if Restructured ; Saving if Restructured ; Registered ; Example Multiplexer Output                                ;
+--------------------+-----------+---------------+----------------------+------------------------+------------+-----------------------------------------------------------+
; 4:1                ; 8 bits    ; 16 ALUTs      ; 16 ALUTs             ; 0 ALUTs                ; No         ; |8-bit-ALU|MUX-ALU:inst8|4to1_MUX_PJ2:inst7|21mux:inst2|5 ;
+--------------------+-----------+---------------+----------------------+------------------------+------------+-----------------------------------------------------------+


+-------------------------------+
; Analysis & Synthesis Messages ;
+-------------------------------+
Info: *******************************************************************
Info: Running Quartus II Analysis & Synthesis
    Info: Version 9.0 Build 235 06/17/2009 Service Pack 2 SJ Web Edition
    Info: Processing started: Fri May 01 12:00:54 2020
Info: Command: quartus_map --read_settings_files=on --write_settings_files=off 8-bit-ALU -c 8-bit-ALU
Info: Found 1 design units, including 1 entities, in source file COMP.bdf
    Info: Found entity 1: COMP
Info: Found 1 design units, including 1 entities, in source file One-Bit_FA.bdf
    Info: Found entity 1: One-Bit_FA
Info: Found 1 design units, including 1 entities, in source file 4to1_MUX_PJ2.bdf
    Info: Found entity 1: 4to1_MUX_PJ2
Info: Found 1 design units, including 1 entities, in source file 8-bit-ALU.bdf
    Info: Found entity 1: 8-bit-ALU
Info: Found 1 design units, including 1 entities, in source file OR-PJ2.bdf
    Info: Found entity 1: OR-PJ2
Info: Found 1 design units, including 1 entities, in source file AND-PJ2.bdf
    Info: Found entity 1: AND-PJ2
Info: Found 1 design units, including 1 entities, in source file ADDER.bdf
    Info: Found entity 1: ADDER
Info: Found 1 design units, including 1 entities, in source file MUX-ALU.bdf
    Info: Found entity 1: MUX-ALU
Info: Elaborating entity "8-bit-ALU" for the top level hierarchy
Info: Elaborating entity "MUX-ALU" for hierarchy "MUX-ALU:inst8"
Info: Elaborating entity "4to1_MUX_PJ2" for hierarchy "MUX-ALU:inst8|4to1_MUX_PJ2:inst"
Info: Elaborating entity "21mux" for hierarchy "MUX-ALU:inst8|4to1_MUX_PJ2:inst|21mux:inst2"
Info: Elaborated megafunction instantiation "MUX-ALU:inst8|4to1_MUX_PJ2:inst|21mux:inst2"
Info: Elaborating entity "ADDER" for hierarchy "ADDER:inst3"
Warning: Primitive "GND" of instance "inst9" not used
Info: Elaborating entity "One-Bit_FA" for hierarchy "ADDER:inst3|One-Bit_FA:inst"
Info: Elaborating entity "AND-PJ2" for hierarchy "AND-PJ2:inst"
Info: Elaborating entity "COMP" for hierarchy "COMP:inst4"
Info: Elaborating entity "OR-PJ2" for hierarchy "OR-PJ2:inst5"
Info: Implemented 42 device resources after synthesis - the final resource count might be different
    Info: Implemented 18 input pins
    Info: Implemented 8 output pins
    Info: Implemented 16 logic cells
Info: Quartus II Analysis & Synthesis was successful. 0 errors, 1 warning
    Info: Peak virtual memory: 249 megabytes
    Info: Processing ended: Fri May 01 12:00:56 2020
    Info: Elapsed time: 00:00:02
    Info: Total CPU time (on all processors): 00:00:02


