Flow report for top_level_KSY
Thu May 28 11:01:54 2020
Quartus II Version 9.0 Build 235 06/17/2009 Service Pack 2 SJ Web Edition


---------------------
; Table of Contents ;
---------------------
  1. Legal Notice
  2. Flow Summary
  3. Flow Settings
  4. Flow Non-Default Global Settings
  5. Flow Elapsed Time
  6. Flow OS Summary
  7. Flow Log



----------------
; Legal Notice ;
----------------
Copyright (C) 1991-2009 Altera Corporation
Your use of Altera Corporation's design tools, logic functions 
and other software and tools, and its AMPP partner logic 
functions, and any output files from any of the foregoing 
(including device programming or simulation files), and any 
associated documentation or information are expressly subject 
to the terms and conditions of the Altera Program License 
Subscription Agreement, Altera MegaCore Function License 
Agreement, or other applicable license agreement, including, 
without limitation, that your use is for the sole purpose of 
programming logic devices manufactured by Altera and sold by 
Altera or its authorized distributors.  Please refer to the 
applicable agreement for further details.



+-------------------------------------------------------------------------------+
; Flow Summary                                                                  ;
+--------------------------------+----------------------------------------------+
; Flow Status                    ; Successful - Thu May 28 11:01:42 2020        ;
; Quartus II Version             ; 9.0 Build 235 06/17/2009 SP 2 SJ Web Edition ;
; Revision Name                  ; top_level_KSY                                ;
; Top-level Entity Name          ; top_level_KSY                                ;
; Family                         ; Arria GX                                     ;
; Device                         ; EP1AGX50DF1152I6                             ;
; Timing Models                  ; Final                                        ;
; Met timing requirements        ; N/A                                          ;
; Logic utilization              ; 13 %                                         ;
;     Combinational ALUTs        ; 2,006 / 40,128 ( 5 % )                       ;
;     Dedicated logic registers  ; 4,172 / 40,128 ( 10 % )                      ;
; Total registers                ; 4172                                         ;
; Total pins                     ; 418 / 563 ( 74 % )                           ;
; Total virtual pins             ; 0                                            ;
; Total block memory bits        ; 4,096 / 2,475,072 ( < 1 % )                  ;
; DSP block 9-bit elements       ; 0 / 208 ( 0 % )                              ;
; Total GXB Receiver Channels    ; 0 / 8 ( 0 % )                                ;
; Total GXB Transmitter Channels ; 0 / 8 ( 0 % )                                ;
; Total PLLs                     ; 0 / 8 ( 0 % )                                ;
; Total DLLs                     ; 0 / 2 ( 0 % )                                ;
+--------------------------------+----------------------------------------------+


+-----------------------------------------+
; Flow Settings                           ;
+-------------------+---------------------+
; Option            ; Setting             ;
+-------------------+---------------------+
; Start date & time ; 05/28/2020 11:00:25 ;
; Main task         ; Compilation         ;
; Revision Name     ; top_level_KSY       ;
+-------------------+---------------------+


+--------------------------------------------------------------------------------------------------------------------+
; Flow Non-Default Global Settings                                                                                   ;
+------------------------------------+--------------------------------+---------------+-------------+----------------+
; Assignment Name                    ; Value                          ; Default Value ; Entity Name ; Section Id     ;
+------------------------------------+--------------------------------+---------------+-------------+----------------+
; COMPILER_SIGNATURE_ID              ; 38186051266394.159063122409440 ; --            ; --          ; --             ;
; MAX_CORE_JUNCTION_TEMP             ; 100                            ; --            ; --          ; --             ;
; MIN_CORE_JUNCTION_TEMP             ; -40                            ; --            ; --          ; --             ;
; PARTITION_COLOR                    ; 16764057                       ; --            ; --          ; Top            ;
; PARTITION_NETLIST_TYPE             ; SOURCE                         ; --            ; --          ; Top            ;
; USE_GENERATED_PHYSICAL_CONSTRAINTS ; Off                            ; --            ; --          ; eda_blast_fpga ;
+------------------------------------+--------------------------------+---------------+-------------+----------------+


+-------------------------------------------------------------------------------------------------------------------------------+
; Flow Elapsed Time                                                                                                             ;
+---------------------------+--------------+-------------------------+---------------------+------------------------------------+
; Module Name               ; Elapsed Time ; Average Processors Used ; Peak Virtual Memory ; Total CPU Time (on all processors) ;
+---------------------------+--------------+-------------------------+---------------------+------------------------------------+
; Analysis & Synthesis      ; 00:00:15     ; 1.0                     ; 274 MB              ; 00:00:14                           ;
; Fitter                    ; 00:00:48     ; 1.0                     ; 464 MB              ; 00:00:46                           ;
; Assembler                 ; 00:00:08     ; 1.0                     ; 378 MB              ; 00:00:08                           ;
; TimeQuest Timing Analyzer ; 00:00:11     ; 1.0                     ; 314 MB              ; 00:00:09                           ;
; Total                     ; 00:01:22     ; --                      ; --                  ; 00:01:17                           ;
+---------------------------+--------------+-------------------------+---------------------+------------------------------------+


+--------------------------------------------------------------------------------------------+
; Flow OS Summary                                                                            ;
+---------------------------+------------------+---------------+------------+----------------+
; Module Name               ; Machine Hostname ; OS Name       ; OS Version ; Processor type ;
+---------------------------+------------------+---------------+------------+----------------+
; Analysis & Synthesis      ; DESKTOP-JMBA0B7  ; Windows Vista ; 6.2        ; x86_64         ;
; Fitter                    ; DESKTOP-JMBA0B7  ; Windows Vista ; 6.2        ; x86_64         ;
; Assembler                 ; DESKTOP-JMBA0B7  ; Windows Vista ; 6.2        ; x86_64         ;
; TimeQuest Timing Analyzer ; DESKTOP-JMBA0B7  ; Windows Vista ; 6.2        ; x86_64         ;
+---------------------------+------------------+---------------+------------+----------------+


------------
; Flow Log ;
------------
quartus_map --read_settings_files=on --write_settings_files=off top_level_KSY -c top_level_KSY
quartus_fit --read_settings_files=off --write_settings_files=off top_level_KSY -c top_level_KSY
quartus_asm --read_settings_files=off --write_settings_files=off top_level_KSY -c top_level_KSY
quartus_sta top_level_KSY -c top_level_KSY



